<?xml version="1.0"?><coverage lines-covered="807" lines-valid="1165" line-rate="0.6927038626609442" branches-covered="0" branches-valid="0" branch-rate="0" complexity="0" version="1.9" timestamp="1768927265"><sources><source>/home/lucac/github/molecular-formulas</source></sources><packages><package name="src/molecular_formula" line-rate="0.7298969072164948" branch-rate="0" complexity="0"><classes><class name="charge" filename="src/molecular_formula/charge.rs" line-rate="1" branch-rate="0" complexity="0"><methods/><lines><line number="25" hits="40"/><line number="26" hits="40"/><line number="27" hits="26"/><line number="28" hits="8"/><line number="29" hits="16"/><line number="30" hits="16"/><line number="31" hits="24"/><line number="33" hits="6"/><line number="34" hits="12"/><line number="35" hits="19"/><line number="36" hits="27"/><line number="38" hits="5"/><line number="40" hits="1"/><line number="41" hits="2"/><line number="42" hits="5"/><line number="43" hits="4"/><line number="44" hits="2"/><line number="45" hits="4"/><line number="47" hits="1"/><line number="49" hits="2"/><line number="50" hits="4"/><line number="52" hits="2"/></lines></class><class name="contains_elements" filename="src/molecular_formula/contains_elements.rs" line-rate="0.8181818181818182" branch-rate="0" complexity="0"><methods/><lines><line number="15" hits="14"/><line number="16" hits="14"/><line number="17" hits="4"/><line number="18" hits="2"/><line number="19" hits="0"/><line number="20" hits="1"/><line number="21" hits="4"/><line number="23" hits="9"/><line number="24" hits="4"/><line number="25" hits="8"/><line number="27" hits="0"/></lines></class><class name="contains_isotopes" filename="src/molecular_formula/contains_isotopes.rs" line-rate="0.8181818181818182" branch-rate="0" complexity="0"><methods/><lines><line number="28" hits="27"/><line number="29" hits="27"/><line number="30" hits="7"/><line number="31" hits="5"/><line number="32" hits="0"/><line number="33" hits="2"/><line number="34" hits="10"/><line number="36" hits="21"/><line number="37" hits="6"/><line number="38" hits="12"/><line number="40" hits="0"/></lines></class><class name="contains_mixtures" filename="src/molecular_formula/contains_mixtures.rs" line-rate="0.7916666666666666" branch-rate="0" complexity="0"><methods/><lines><line number="20" hits="20"/><line number="21" hits="20"/><line number="22" hits="2"/><line number="23" hits="0"/><line number="24" hits="16"/><line number="25" hits="3"/><line number="26" hits="1"/><line number="27" hits="2"/><line number="29" hits="0"/><line number="30" hits="0"/><line number="31" hits="0"/><line number="60" hits="10"/><line number="61" hits="10"/><line number="62" hits="56"/><line number="63" hits="1"/><line number="68" hits="4"/><line number="69" hits="4"/><line number="70" hits="4"/><line number="71" hits="12"/><line number="72" hits="22"/><line number="73" hits="23"/><line number="74" hits="70"/><line number="77" hits="4"/><line number="79" hits="0"/></lines></class><class name="contains_residual" filename="src/molecular_formula/contains_residual.rs" line-rate="0.9090909090909091" branch-rate="0" complexity="0"><methods/><lines><line number="17" hits="320"/><line number="18" hits="320"/><line number="19" hits="143"/><line number="20" hits="0"/><line number="21" hits="8"/><line number="22" hits="48"/><line number="24" hits="144"/><line number="25" hits="105"/><line number="26" hits="210"/><line number="28" hits="15"/><line number="29" hits="3"/></lines></class><class name="countable" filename="src/molecular_formula/countable.rs" line-rate="1" branch-rate="0" complexity="0"><methods/><lines><line number="58" hits="10"/><line number="59" hits="10"/><line number="68" hits="8"/><line number="69" hits="2"/></lines></class><class name="diatomic" filename="src/molecular_formula/diatomic.rs" line-rate="0.3269230769230769" branch-rate="0" complexity="0"><methods/><lines><line number="33" hits="33"/><line number="34" hits="33"/><line number="35" hits="15"/><line number="36" hits="0"/><line number="37" hits="55"/><line number="38" hits="0"/><line number="39" hits="0"/><line number="41" hits="4"/><line number="42" hits="8"/><line number="43" hits="12"/><line number="44" hits="16"/><line number="46" hits="4"/><line number="48" hits="2"/><line number="49" hits="4"/><line number="50" hits="10"/><line number="51" hits="12"/><line number="53" hits="2"/><line number="55" hits="0"/><line number="57" hits="1"/><line number="86" hits="3"/><line number="87" hits="6"/><line number="90" hits="0"/><line number="91" hits="0"/><line number="120" hits="0"/><line number="121" hits="0"/><line number="122" hits="0"/><line number="123" hits="0"/><line number="152" hits="0"/><line number="153" hits="0"/><line number="154" hits="0"/><line number="156" hits="0"/><line number="158" hits="0"/><line number="160" hits="0"/><line number="162" hits="0"/><line number="163" hits="0"/><line number="164" hits="0"/><line number="165" hits="0"/><line number="170" hits="0"/><line number="171" hits="0"/><line number="210" hits="0"/><line number="211" hits="0"/><line number="222" hits="0"/><line number="244" hits="0"/><line number="245" hits="0"/><line number="246" hits="0"/><line number="248" hits="0"/><line number="250" hits="0"/><line number="252" hits="0"/><line number="254" hits="0"/><line number="255" hits="0"/><line number="256" hits="0"/><line number="257" hits="0"/></lines></class><class name="display" filename="src/molecular_formula/display.rs" line-rate="0.9210526315789473" branch-rate="0" complexity="0"><methods/><lines><line number="11" hits="164"/><line number="12" hits="164"/><line number="13" hits="67"/><line number="14" hits="134"/><line number="16" hits="4"/><line number="17" hits="8"/><line number="18" hits="16"/><line number="20" hits="48"/><line number="21" hits="4"/><line number="22" hits="4"/><line number="23" hits="4"/><line number="25" hits="4"/><line number="26" hits="4"/><line number="27" hits="13"/><line number="28" hits="9"/><line number="29" hits="1"/><line number="31" hits="16"/><line number="34" hits="4"/><line number="35" hits="8"/><line number="38" hits="82"/><line number="39" hits="82"/><line number="40" hits="82"/><line number="42" hits="24"/><line number="43" hits="48"/><line number="44" hits="86"/><line number="45" hits="124"/><line number="47" hits="24"/><line number="49" hits="5"/><line number="50" hits="10"/><line number="52" hits="1"/><line number="53" hits="2"/><line number="56" hits="0"/><line number="58" hits="0"/><line number="59" hits="0"/><line number="61" hits="4"/><line number="62" hits="2"/><line number="63" hits="2"/><line number="64" hits="2"/></lines></class><class name="element_count" filename="src/molecular_formula/element_count.rs" line-rate="0.92" branch-rate="0" complexity="0"><methods/><lines><line number="26" hits="44"/><line number="27" hits="132"/><line number="28" hits="132"/><line number="31" hits="455"/><line number="32" hits="455"/><line number="33" hits="188"/><line number="34" hits="188"/><line number="35" hits="51"/><line number="37" hits="137"/><line number="40" hits="2"/><line number="41" hits="2"/><line number="42" hits="2"/><line number="44" hits="0"/><line number="47" hits="95"/><line number="48" hits="960"/><line number="50" hits="17"/><line number="51" hits="17"/><line number="53" hits="153"/><line number="56" hits="12"/><line number="57" hits="234"/><line number="58" hits="351"/><line number="60" hits="0"/><line number="61" hits="32"/><line number="62" hits="96"/><line number="63" hits="1"/></lines></class><class name="from" filename="src/molecular_formula/from.rs" line-rate="0.8727272727272727" branch-rate="0" complexity="0"><methods/><lines><line number="13" hits="1479"/><line number="14" hits="1479"/><line number="19" hits="59"/><line number="20" hits="118"/><line number="25" hits="3376"/><line number="26" hits="3376"/><line number="31" hits="4"/><line number="32" hits="8"/><line number="37" hits="2"/><line number="38" hits="2"/><line number="43" hits="0"/><line number="44" hits="0"/><line number="49" hits="59"/><line number="50" hits="59"/><line number="55" hits="3"/><line number="56" hits="3"/><line number="61" hits="1"/><line number="62" hits="3"/><line number="67" hits="13"/><line number="68" hits="13"/><line number="73" hits="1"/><line number="74" hits="2"/><line number="79" hits="13"/><line number="80" hits="13"/><line number="82" hits="2"/><line number="83" hits="2"/><line number="84" hits="2"/><line number="85" hits="1"/><line number="87" hits="1"/><line number="91" hits="0"/><line number="92" hits="0"/><line number="93" hits="0"/><line number="94" hits="0"/><line number="96" hits="0"/><line number="100" hits="8"/><line number="101" hits="8"/><line number="102" hits="8"/><line number="103" hits="4"/><line number="105" hits="4"/><line number="109" hits="2"/><line number="110" hits="2"/><line number="111" hits="2"/><line number="112" hits="1"/><line number="114" hits="1"/><line number="118" hits="10"/><line number="119" hits="10"/><line number="120" hits="10"/><line number="121" hits="5"/><line number="123" hits="5"/><line number="127" hits="2"/><line number="128" hits="4"/><line number="133" hits="1"/><line number="134" hits="1"/><line number="135" hits="1"/><line number="137" hits="1"/></lines></class><class name="from_str" filename="src/molecular_formula/from_str.rs" line-rate="1" branch-rate="0" complexity="0"><methods/><lines><line number="11" hits="527"/><line number="12" hits="1581"/></lines></class><class name="homonuclear" filename="src/molecular_formula/homonuclear.rs" line-rate="0.868421052631579" branch-rate="0" complexity="0"><methods/><lines><line number="8" hits="34"/><line number="12" hits="34"/><line number="13" hits="15"/><line number="14" hits="51"/><line number="16" hits="1"/><line number="17" hits="5"/><line number="20" hits="0"/><line number="22" hits="4"/><line number="23" hits="48"/><line number="24" hits="1"/><line number="25" hits="3"/><line number="28" hits="0"/><line number="32" hits="4"/><line number="33" hits="8"/><line number="34" hits="12"/><line number="35" hits="16"/><line number="36" hits="0"/><line number="39" hits="40"/><line number="40" hits="20"/><line number="41" hits="4"/><line number="43" hits="8"/><line number="45" hits="8"/><line number="74" hits="11"/><line number="75" hits="11"/><line number="83" hits="24"/><line number="84" hits="2"/><line number="85" hits="4"/><line number="86" hits="6"/><line number="87" hits="20"/><line number="88" hits="4"/><line number="89" hits="0"/><line number="91" hits="6"/><line number="92" hits="2"/><line number="93" hits="1"/><line number="96" hits="2"/><line number="99" hits="1"/><line number="102" hits="0"/><line number="105" hits="1"/></lines></class><class name="isotopologue_mass" filename="src/molecular_formula/isotopologue_mass.rs" line-rate="0.5897435897435898" branch-rate="0" complexity="0"><methods/><lines><line number="25" hits="54"/><line number="26" hits="54"/><line number="27" hits="52"/><line number="28" hits="0"/><line number="29" hits="4"/><line number="30" hits="16"/><line number="31" hits="8"/><line number="32" hits="4"/><line number="35" hits="26"/><line number="36" hits="52"/><line number="37" hits="26"/><line number="40" hits="11"/><line number="41" hits="33"/><line number="43" hits="0"/><line number="44" hits="0"/><line number="46" hits="0"/><line number="47" hits="0"/><line number="51" hits="0"/><line number="52" hits="0"/><line number="54" hits="0"/><line number="55" hits="0"/><line number="75" hits="37"/><line number="76" hits="37"/><line number="77" hits="36"/><line number="78" hits="0"/><line number="79" hits="6"/><line number="80" hits="18"/><line number="81" hits="36"/><line number="82" hits="18"/><line number="85" hits="7"/><line number="86" hits="21"/><line number="88" hits="0"/><line number="89" hits="0"/><line number="91" hits="0"/><line number="92" hits="0"/><line number="96" hits="1"/><line number="97" hits="2"/><line number="99" hits="0"/><line number="100" hits="0"/></lines></class><class name="isotopologue_mass_over_charge" filename="src/molecular_formula/isotopologue_mass_over_charge.rs" line-rate="1" branch-rate="0" complexity="0"><methods/><lines><line number="24" hits="3"/><line number="25" hits="15"/></lines></class><class name="molar_mass" filename="src/molecular_formula/molar_mass.rs" line-rate="0.4117647058823529" branch-rate="0" complexity="0"><methods/><lines><line number="23" hits="90"/><line number="24" hits="90"/><line number="25" hits="70"/><line number="26" hits="0"/><line number="27" hits="0"/><line number="28" hits="0"/><line number="29" hits="0"/><line number="32" hits="58"/><line number="33" hits="174"/><line number="35" hits="64"/><line number="36" hits="0"/><line number="37" hits="0"/><line number="39" hits="0"/><line number="42" hits="0"/><line number="43" hits="0"/><line number="45" hits="0"/><line number="46" hits="10"/></lines></class><class name="noble_gasses" filename="src/molecular_formula/noble_gasses.rs" line-rate="0.4166666666666667" branch-rate="0" complexity="0"><methods/><lines><line number="39" hits="12"/><line number="40" hits="12"/><line number="41" hits="0"/><line number="42" hits="21"/><line number="43" hits="0"/><line number="44" hits="0"/><line number="45" hits="6"/><line number="46" hits="0"/><line number="47" hits="0"/><line number="50" hits="0"/><line number="52" hits="3"/><line number="53" hits="8"/><line number="54" hits="10"/><line number="55" hits="0"/><line number="57" hits="10"/><line number="58" hits="2"/><line number="61" hits="1"/><line number="63" hits="0"/><line number="64" hits="0"/><line number="65" hits="0"/><line number="66" hits="0"/><line number="68" hits="0"/><line number="69" hits="0"/><line number="72" hits="0"/></lines></class><class name="oxidation_states" filename="src/molecular_formula/oxidation_states.rs" line-rate="0.8372093023255814" branch-rate="0" complexity="0"><methods/><lines><line number="27" hits="3538"/><line number="28" hits="3538"/><line number="29" hits="459"/><line number="30" hits="10056"/><line number="31" hits="2"/><line number="32" hits="4"/><line number="34" hits="0"/><line number="35" hits="34"/><line number="36" hits="17"/><line number="37" hits="17"/><line number="38" hits="17"/><line number="39" hits="51"/><line number="41" hits="34"/><line number="43" hits="0"/><line number="44" hits="12"/><line number="45" hits="36"/><line number="46" hits="30"/><line number="47" hits="54"/><line number="49" hits="68"/><line number="50" hits="45"/><line number="51" hits="75"/><line number="52" hits="45"/><line number="53" hits="75"/><line number="54" hits="45"/><line number="55" hits="15"/><line number="57" hits="15"/><line number="58" hits="15"/><line number="61" hits="13"/><line number="62" hits="44"/><line number="63" hits="30"/><line number="64" hits="30"/><line number="68" hits="12"/><line number="70" hits="2"/><line number="71" hits="6"/><line number="72" hits="4"/><line number="73" hits="2"/><line number="74" hits="2"/><line number="75" hits="6"/><line number="77" hits="4"/><line number="78" hits="10"/><line number="79" hits="8"/><line number="80" hits="4"/><line number="81" hits="4"/><line number="82" hits="8"/><line number="83" hits="4"/><line number="85" hits="8"/><line number="87" hits="16"/><line number="88" hits="12"/><line number="89" hits="20"/><line number="90" hits="12"/><line number="91" hits="20"/><line number="92" hits="12"/><line number="93" hits="4"/><line number="95" hits="4"/><line number="96" hits="4"/><line number="99" hits="0"/><line number="100" hits="0"/><line number="101" hits="0"/><line number="102" hits="0"/><line number="106" hits="2"/><line number="108" hits="0"/><line number="109" hits="0"/><line number="122" hits="183"/><line number="126" hits="183"/><line number="127" hits="258"/><line number="128" hits="0"/><line number="129" hits="0"/><line number="131" hits="21"/><line number="132" hits="63"/><line number="134" hits="21"/><line number="135" hits="63"/><line number="136" hits="18"/><line number="138" hits="12"/><line number="141" hits="0"/><line number="142" hits="0"/><line number="143" hits="46"/><line number="145" hits="142"/><line number="146" hits="200"/><line number="148" hits="43"/><line number="150" hits="12"/><line number="154" hits="9"/><line number="156" hits="27"/><line number="157" hits="36"/><line number="159" hits="9"/><line number="161" hits="0"/><line number="165" hits="0"/></lines></class><class name="serde" filename="src/molecular_formula/serde.rs" line-rate="0" branch-rate="0" complexity="0"><methods/><lines><line number="11" hits="0"/><line number="15" hits="0"/><line number="20" hits="0"/><line number="24" hits="0"/><line number="25" hits="0"/></lines></class><class name="try_from" filename="src/molecular_formula/try_from.rs" line-rate="0.4117647058823529" branch-rate="0" complexity="0"><methods/><lines><line number="9" hits="55"/><line number="10" hits="110"/><line number="18" hits="0"/><line number="19" hits="0"/><line number="27" hits="0"/><line number="28" hits="0"/><line number="43" hits="0"/><line number="44" hits="0"/><line number="57" hits="0"/><line number="60" hits="0"/><line number="65" hits="1381"/><line number="66" hits="1381"/><line number="67" hits="4002"/><line number="68" hits="72"/><line number="69" hits="0"/><line number="70" hits="0"/><line number="71" hits="23"/></lines></class></classes></package><package name="tests" line-rate="0" branch-rate="0" complexity="0"><classes></classes></package><package name="src/parser" line-rate="0.7839195979899497" branch-rate="0" complexity="0"><classes><class name="token_iter" filename="src/parser/token_iter.rs" line-rate="0.7839195979899497" branch-rate="0" complexity="0"><methods/><lines><line number="20" hits="527"/><line number="21" hits="1581"/><line number="29" hits="0"/><line number="30" hits="0"/><line number="34" hits="1450"/><line number="35" hits="1406"/><line number="36" hits="1450"/><line number="45" hits="660"/><line number="46" hits="1320"/><line number="49" hits="1386"/><line number="50" hits="1386"/><line number="51" hits="1386"/><line number="70" hits="27"/><line number="71" hits="27"/><line number="72" hits="4"/><line number="73" hits="15"/><line number="74" hits="3"/><line number="75" hits="1"/><line number="76" hits="0"/><line number="77" hits="1"/><line number="78" hits="1"/><line number="79" hits="0"/><line number="80" hits="0"/><line number="81" hits="2"/><line number="91" hits="893"/><line number="92" hits="5358"/><line number="100" hits="0"/><line number="101" hits="0"/><line number="102" hits="0"/><line number="103" hits="0"/><line number="104" hits="0"/><line number="105" hits="0"/><line number="106" hits="0"/><line number="107" hits="0"/><line number="108" hits="0"/><line number="109" hits="0"/><line number="110" hits="0"/><line number="111" hits="0"/><line number="112" hits="0"/><line number="116" hits="2232"/><line number="117" hits="4433"/><line number="120" hits="2447"/><line number="121" hits="2447"/><line number="124" hits="2368"/><line number="125" hits="2368"/><line number="128" hits="2380"/><line number="129" hits="9482"/><line number="132" hits="2220"/><line number="133" hits="6631"/><line number="136" hits="2231"/><line number="137" hits="8902"/><line number="140" hits="67"/><line number="141" hits="196"/><line number="144" hits="7"/><line number="145" hits="22"/><line number="148" hits="2362"/><line number="149" hits="9282"/><line number="156" hits="798"/><line number="162" hits="3192"/><line number="163" hits="798"/><line number="164" hits="798"/><line number="165" hits="1580"/><line number="166" hits="660"/><line number="167" hits="244"/><line number="168" hits="732"/><line number="169" hits="244"/><line number="170" hits="244"/><line number="171" hits="244"/><line number="172" hits="244"/><line number="174" hits="538"/><line number="177" hits="798"/><line number="180" hits="67"/><line number="185" hits="97"/><line number="186" hits="30"/><line number="187" hits="40"/><line number="188" hits="100"/><line number="190" hits="10"/><line number="193" hits="37"/><line number="199" hits="13"/><line number="200" hits="63"/><line number="205" hits="17"/><line number="209" hits="95"/><line number="214" hits="1394"/><line number="215" hits="6970"/><line number="217" hits="2627"/><line number="218" hits="2466"/><line number="219" hits="570"/><line number="221" hits="562"/><line number="222" hits="575"/><line number="223" hits="26"/><line number="229" hits="0"/><line number="231" hits="13"/><line number="234" hits="804"/><line number="235" hits="268"/><line number="238" hits="0"/><line number="239" hits="0"/><line number="240" hits="0"/><line number="246" hits="1129"/><line number="247" hits="16"/><line number="248" hits="1097"/><line number="249" hits="23"/><line number="251" hits="3222"/><line number="252" hits="1074"/><line number="261" hits="10"/><line number="262" hits="18"/><line number="263" hits="16"/><line number="264" hits="16"/><line number="267" hits="32"/><line number="268" hits="24"/><line number="270" hits="16"/><line number="271" hits="8"/><line number="274" hits="0"/><line number="277" hits="2"/><line number="282" hits="61"/><line number="283" hits="118"/><line number="284" hits="114"/><line number="286" hits="2"/><line number="287" hits="1"/><line number="289" hits="60"/><line number="293" hits="0"/><line number="294" hits="0"/><line number="298" hits="0"/><line number="299" hits="0"/><line number="303" hits="2453"/><line number="304" hits="1386"/><line number="305" hits="58"/><line number="306" hits="58"/><line number="307" hits="16"/><line number="308" hits="16"/><line number="309" hits="4732"/><line number="312" hits="122"/><line number="313" hits="1"/><line number="314" hits="1"/><line number="318" hits="60"/><line number="320" hits="4514"/><line number="326" hits="52"/><line number="327" hits="26"/><line number="329" hits="8"/><line number="332" hits="9"/><line number="335" hits="4596"/><line number="338" hits="268"/><line number="340" hits="134"/><line number="341" hits="97"/><line number="342" hits="30"/><line number="344" hits="0"/><line number="345" hits="0"/><line number="348" hits="67"/><line number="349" hits="154"/><line number="350" hits="134"/><line number="351" hits="11"/><line number="353" hits="56"/><line number="355" hits="134"/><line number="356" hits="11"/><line number="358" hits="56"/><line number="362" hits="20"/><line number="365" hits="335"/><line number="367" hits="67"/><line number="368" hits="0"/><line number="371" hits="67"/><line number="373" hits="5850"/><line number="374" hits="761"/><line number="375" hits="3805"/><line number="377" hits="761"/><line number="378" hits="0"/><line number="381" hits="761"/><line number="383" hits="2840"/><line number="384" hits="68"/><line number="385" hits="17"/><line number="386" hits="17"/><line number="387" hits="17"/><line number="391" hits="7"/><line number="392" hits="85"/><line number="393" hits="17"/><line number="395" hits="0"/><line number="398" hits="7"/><line number="399" hits="0"/><line number="401" hits="21"/><line number="402" hits="17"/><line number="403" hits="3"/><line number="406" hits="7"/><line number="411" hits="18"/><line number="412" hits="24"/><line number="414" hits="8"/><line number="417" hits="2"/><line number="419" hits="2772"/><line number="420" hits="0"/><line number="421" hits="0"/><line number="422" hits="0"/><line number="423" hits="0"/><line number="426" hits="0"/><line number="427" hits="0"/><line number="431" hits="0"/><line number="433" hits="12474"/><line number="434" hits="0"/><line number="435" hits="0"/><line number="447" hits="3522"/><line number="448" hits="3522"/><line number="449" hits="0"/><line number="452" hits="17925"/></lines></class></classes></package><package name="src/token" line-rate="0.45901639344262296" branch-rate="0" complexity="0"><classes><class name="complex" filename="src/token/complex.rs" line-rate="1" branch-rate="0" complexity="0"><methods/><lines><line number="28" hits="8"/><line number="29" hits="8"/><line number="30" hits="9"/><line number="31" hits="8"/><line number="32" hits="7"/><line number="33" hits="6"/><line number="34" hits="5"/><line number="35" hits="4"/><line number="36" hits="3"/><line number="37" hits="1"/><line number="45" hits="289"/><line number="46" hits="289"/><line number="47" hits="2"/><line number="48" hits="6"/><line number="49" hits="1"/><line number="50" hits="5"/><line number="51" hits="2"/><line number="52" hits="2"/><line number="53" hits="2"/><line number="54" hits="538"/></lines></class><class name="greek_letters" filename="src/token/greek_letters.rs" line-rate="0.1951219512195122" branch-rate="0" complexity="0"><methods/><lines><line number="36" hits="2244"/><line number="37" hits="2231"/><line number="38" hits="2244"/><line number="53" hits="0"/><line number="54" hits="0"/><line number="55" hits="0"/><line number="56" hits="0"/><line number="57" hits="0"/><line number="58" hits="0"/><line number="59" hits="0"/><line number="60" hits="0"/><line number="61" hits="0"/><line number="62" hits="0"/><line number="63" hits="0"/><line number="69" hits="0"/><line number="70" hits="0"/><line number="75" hits="0"/><line number="76" hits="0"/><line number="83" hits="0"/><line number="84" hits="0"/><line number="85" hits="0"/><line number="86" hits="0"/><line number="87" hits="0"/><line number="88" hits="0"/><line number="91" hits="0"/><line number="98" hits="0"/><line number="99" hits="0"/><line number="106" hits="0"/><line number="107" hits="0"/><line number="114" hits="13"/><line number="115" hits="13"/><line number="116" hits="3"/><line number="117" hits="8"/><line number="118" hits="0"/><line number="119" hits="2"/><line number="120" hits="0"/><line number="121" hits="0"/><line number="122" hits="0"/><line number="123" hits="0"/><line number="124" hits="0"/><line number="125" hits="0"/></lines></class></classes></package><package name="fuzz/fuzz_targets" line-rate="0" branch-rate="0" complexity="0"><classes></classes></package><package name="benches" line-rate="1" branch-rate="0" complexity="0"><classes><class name="bench_oxidation_states" filename="benches/bench_oxidation_states.rs" line-rate="1" branch-rate="0" complexity="0"><methods/><lines><line number="10" hits="1"/><line number="11" hits="3"/><line number="12" hits="2"/><line number="14" hits="4"/><line number="16" hits="3"/><line number="17" hits="4"/><line number="20" hits="3"/><line number="21" hits="5"/><line number="24" hits="3"/><line number="25" hits="5"/><line number="27" hits="3"/><line number="28" hits="5"/><line number="30" hits="3"/><line number="31" hits="5"/><line number="33" hits="3"/><line number="34" hits="5"/><line number="36" hits="3"/><line number="37" hits="5"/><line number="39" hits="3"/><line number="40" hits="5"/><line number="42" hits="3"/><line number="43" hits="5"/><line number="45" hits="3"/><line number="46" hits="5"/><line number="49" hits="2"/><line number="53" hits="1"/><line number="54" hits="3"/><line number="55" hits="2"/><line number="57" hits="3"/><line number="58" hits="4"/><line number="61" hits="2"/><line number="65" hits="1"/><line number="66" hits="2"/><line number="67" hits="2"/><line number="68" hits="2"/><line number="69" hits="2"/><line number="73" hits="1"/><line number="74" hits="1"/><line number="75" hits="2"/></lines></class></classes></package><package name="fuzz/hfuzz_target/x86_64-unknown-linux-gnu/debug/build/thiserror-993a95763de78911/out" line-rate="0" branch-rate="0" complexity="0"><classes></classes></package><package name="fuzz/hfuzz_target/x86_64-unknown-linux-gnu/debug/build/serde-90d6b68a0b8e6fe9/out" line-rate="0" branch-rate="0" complexity="0"><classes></classes></package><package name="fuzz/hfuzz_target/x86_64-unknown-linux-gnu/release/build/serde-b5d4a20c64649db4/out" line-rate="0" branch-rate="0" complexity="0"><classes></classes></package><package name="fuzz/hfuzz_target/x86_64-unknown-linux-gnu/release/build/thiserror-b4e83634872c4462/out" line-rate="0" branch-rate="0" complexity="0"><classes></classes></package><package name="fuzz/hfuzz_target/x86_64-unknown-linux-gnu/release/build/serde_core-325e2d1ab23b6361/out" line-rate="0" branch-rate="0" complexity="0"><classes></classes></package><package name="src" line-rate="0.6820603907637656" branch-rate="0" complexity="0"><classes><class name="errors" filename="src/errors.rs" line-rate="0" branch-rate="0" complexity="0"><methods/><lines><line number="63" hits="0"/><line number="64" hits="0"/><line number="69" hits="0"/><line number="70" hits="0"/><line number="71" hits="0"/><line number="72" hits="0"/><line number="73" hits="0"/><line number="74" hits="0"/><line number="76" hits="0"/><line number="77" hits="0"/><line number="79" hits="0"/><line number="80" hits="0"/><line number="81" hits="0"/><line number="82" hits="0"/><line number="83" hits="0"/><line number="85" hits="0"/><line number="86" hits="0"/><line number="87" hits="0"/><line number="89" hits="0"/><line number="90" hits="0"/><line number="91" hits="0"/><line number="92" hits="0"/><line number="94" hits="0"/><line number="97" hits="0"/><line number="100" hits="0"/><line number="103" hits="0"/><line number="105" hits="0"/><line number="106" hits="0"/><line number="108" hits="0"/><line number="109" hits="0"/><line number="111" hits="0"/><line number="112" hits="0"/><line number="119" hits="0"/><line number="120" hits="0"/><line number="125" hits="0"/><line number="126" hits="0"/></lines></class><class name="index" filename="src/index.rs" line-rate="1" branch-rate="0" complexity="0"><methods/><lines><line number="26" hits="4"/><line number="27" hits="8"/><line number="29" hits="31"/><line number="49" hits="3"/><line number="50" hits="9"/><line number="51" hits="5"/><line number="52" hits="10"/><line number="74" hits="2"/><line number="75" hits="22"/><line number="76" hits="2"/><line number="77" hits="4"/><line number="99" hits="2"/><line number="100" hits="4"/><line number="101" hits="10"/><line number="103" hits="8"/></lines></class><class name="ion" filename="src/ion.rs" line-rate="0.8076923076923077" branch-rate="0" complexity="0"><methods/><lines><line number="35" hits="9"/><line number="39" hits="9"/><line number="40" hits="0"/><line number="42" hits="18"/><line number="43" hits="0"/><line number="45" hits="18"/><line number="61" hits="73"/><line number="65" hits="73"/><line number="66" hits="0"/><line number="68" hits="219"/><line number="69" hits="12"/><line number="72" hits="61"/><line number="77" hits="0"/><line number="78" hits="0"/><line number="83" hits="9"/><line number="84" hits="18"/><line number="89" hits="61"/><line number="90" hits="122"/><line number="101" hits="16"/><line number="102" hits="16"/><line number="103" hits="4"/><line number="104" hits="14"/><line number="105" hits="8"/><line number="106" hits="10"/><line number="107" hits="6"/><line number="109" hits="24"/></lines></class><class name="is_hill_sorted" filename="src/is_hill_sorted.rs" line-rate="0.96875" branch-rate="0" complexity="0"><methods/><lines><line number="82" hits="29"/><line number="83" hits="58"/><line number="84" hits="1"/><line number="86" hits="56"/><line number="87" hits="1"/><line number="89" hits="27"/><line number="90" hits="6"/><line number="91" hits="12"/><line number="92" hits="18"/><line number="93" hits="24"/><line number="95" hits="6"/><line number="98" hits="42"/><line number="99" hits="42"/><line number="100" hits="100"/><line number="101" hits="58"/><line number="102" hits="12"/><line number="103" hits="24"/><line number="105" hits="0"/><line number="109" hits="101"/><line number="110" hits="15"/><line number="111" hits="13"/><line number="113" hits="1"/><line number="120" hits="122"/><line number="121" hits="11"/><line number="122" hits="11"/><line number="126" hits="71"/><line number="127" hits="75"/><line number="128" hits="75"/><line number="129" hits="25"/><line number="130" hits="5"/><line number="134" hits="41"/><line number="136" hits="15"/></lines></class><class name="iter_elements" filename="src/iter_elements.rs" line-rate="0.5081967213114754" branch-rate="0" complexity="0"><methods/><lines><line number="10" hits="312"/><line number="11" hits="312"/><line number="12" hits="489"/><line number="13" hits="0"/><line number="14" hits="45"/><line number="16" hits="476"/><line number="19" hits="0"/><line number="21" hits="0"/><line number="22" hits="0"/><line number="23" hits="0"/><line number="24" hits="0"/><line number="25" hits="0"/><line number="28" hits="0"/><line number="29" hits="104"/><line number="30" hits="0"/><line number="31" hits="0"/><line number="32" hits="208"/><line number="35" hits="0"/><line number="42" hits="30"/><line number="43" hits="30"/><line number="44" hits="54"/><line number="45" hits="0"/><line number="46" hits="6"/><line number="48" hits="6"/><line number="49" hits="6"/><line number="50" hits="30"/><line number="51" hits="6"/><line number="52" hits="6"/><line number="55" hits="0"/><line number="57" hits="0"/><line number="58" hits="0"/><line number="59" hits="0"/><line number="60" hits="0"/><line number="61" hits="0"/><line number="62" hits="0"/><line number="63" hits="0"/><line number="64" hits="0"/><line number="66" hits="0"/><line number="68" hits="0"/><line number="69" hits="0"/><line number="72" hits="0"/><line number="73" hits="12"/><line number="74" hits="18"/><line number="75" hits="18"/><line number="76" hits="60"/><line number="78" hits="6"/><line number="80" hits="0"/><line number="81" hits="0"/><line number="82" hits="0"/><line number="85" hits="0"/><line number="95" hits="40"/><line number="96" hits="40"/><line number="97" hits="6"/><line number="98" hits="18"/><line number="99" hits="24"/><line number="100" hits="0"/><line number="105" hits="68"/><line number="106" hits="161"/><line number="107" hits="186"/><line number="108" hits="1"/><line number="113" hits="39"/></lines></class><class name="molecular_formula" filename="src/molecular_formula.rs" line-rate="0.6216216216216216" branch-rate="0" complexity="0"><methods/><lines><line number="71" hits="823"/><line number="72" hits="823"/><line number="73" hits="289"/><line number="74" hits="867"/><line number="75" hits="289"/><line number="77" hits="1068"/><line number="81" hits="1173"/><line number="85" hits="1173"/><line number="86" hits="439"/><line number="88" hits="1756"/><line number="89" hits="1756"/><line number="90" hits="1317"/><line number="91" hits="439"/><line number="93" hits="0"/><line number="94" hits="0"/><line number="96" hits="0"/><line number="97" hits="0"/><line number="98" hits="0"/><line number="99" hits="0"/><line number="100" hits="0"/><line number="108" hits="1468"/><line number="109" hits="0"/><line number="113" hits="9"/><line number="117" hits="9"/><line number="118" hits="0"/><line number="119" hits="0"/><line number="120" hits="0"/><line number="121" hits="0"/><line number="122" hits="0"/><line number="124" hits="6"/><line number="125" hits="18"/><line number="126" hits="6"/><line number="127" hits="30"/><line number="128" hits="6"/><line number="130" hits="6"/><line number="139" hits="6"/><line number="140" hits="0"/></lines></class><class name="parser" filename="src/parser.rs" line-rate="0.5961538461538461" branch-rate="0" complexity="0"><methods/><lines><line number="16" hits="527"/><line number="17" hits="2108"/><line number="23" hits="0"/><line number="24" hits="0"/><line number="30" hits="0"/><line number="31" hits="0"/><line number="37" hits="2367"/><line number="42" hits="7070"/><line number="43" hits="1381"/><line number="44" hits="1381"/><line number="45" hits="3890"/><line number="46" hits="1206"/><line number="49" hits="26"/><line number="50" hits="13"/><line number="51" hits="0"/><line number="52" hits="26"/><line number="55" hits="3"/><line number="56" hits="10"/><line number="57" hits="2"/><line number="58" hits="0"/><line number="59" hits="0"/><line number="60" hits="0"/><line number="63" hits="1"/><line number="64" hits="1"/><line number="65" hits="3"/><line number="66" hits="1"/><line number="68" hits="0"/><line number="71" hits="1"/><line number="72" hits="1"/><line number="74" hits="27"/><line number="75" hits="106"/><line number="76" hits="50"/><line number="77" hits="0"/><line number="78" hits="0"/><line number="79" hits="0"/><line number="82" hits="25"/><line number="83" hits="16"/><line number="84" hits="16"/><line number="85" hits="32"/><line number="86" hits="32"/><line number="88" hits="16"/><line number="89" hits="16"/><line number="92" hits="27"/><line number="95" hits="1468"/><line number="96" hits="2202"/><line number="98" hits="0"/><line number="99" hits="9"/><line number="101" hits="130"/><line number="102" hits="260"/><line number="104" hits="60"/><line number="105" hits="165"/><line number="106" hits="240"/><line number="107" hits="110"/><line number="108" hits="0"/><line number="109" hits="3"/><line number="110" hits="9"/><line number="111" hits="3"/><line number="114" hits="4"/><line number="116" hits="110"/><line number="117" hits="0"/><line number="118" hits="0"/><line number="119" hits="0"/><line number="123" hits="55"/><line number="125" hits="110"/><line number="127" hits="0"/><line number="128" hits="0"/><line number="129" hits="0"/><line number="130" hits="0"/><line number="131" hits="0"/><line number="133" hits="0"/><line number="134" hits="0"/><line number="135" hits="0"/><line number="136" hits="0"/><line number="137" hits="0"/><line number="138" hits="0"/><line number="139" hits="0"/><line number="141" hits="0"/><line number="142" hits="0"/><line number="144" hits="0"/><line number="147" hits="0"/><line number="149" hits="0"/><line number="150" hits="0"/><line number="152" hits="10"/><line number="153" hits="5"/><line number="154" hits="0"/><line number="155" hits="0"/><line number="156" hits="0"/><line number="157" hits="0"/><line number="158" hits="0"/><line number="160" hits="0"/><line number="161" hits="0"/><line number="163" hits="0"/><line number="166" hits="5"/><line number="168" hits="15"/><line number="169" hits="5"/><line number="171" hits="98"/><line number="172" hits="53"/><line number="173" hits="0"/><line number="174" hits="0"/><line number="175" hits="4"/><line number="176" hits="0"/><line number="177" hits="0"/><line number="179" hits="0"/><line number="180" hits="0"/><line number="182" hits="0"/><line number="185" hits="49"/><line number="187" hits="71"/><line number="188" hits="34"/><line number="189" hits="17"/><line number="190" hits="22"/><line number="191" hits="0"/><line number="192" hits="17"/><line number="194" hits="33"/><line number="195" hits="16"/><line number="197" hits="1"/><line number="200" hits="32"/><line number="202" hits="98"/><line number="204" hits="1"/><line number="205" hits="2"/><line number="209" hits="74"/><line number="210" hits="296"/><line number="211" hits="222"/><line number="212" hits="74"/><line number="213" hits="0"/><line number="214" hits="0"/><line number="215" hits="0"/><line number="218" hits="296"/><line number="220" hits="74"/><line number="221" hits="29"/><line number="222" hits="135"/><line number="225" hits="0"/><line number="226" hits="0"/><line number="227" hits="0"/><line number="228" hits="0"/><line number="229" hits="0"/><line number="230" hits="0"/><line number="237" hits="2336"/><line number="240" hits="691"/><line number="241" hits="1382"/><line number="242" hits="11543"/><line number="243" hits="4808"/><line number="244" hits="148"/><line number="245" hits="74"/><line number="247" hits="0"/><line number="251" hits="11835"/><line number="252" hits="4678"/><line number="255" hits="1150"/><line number="256" hits="573"/><line number="258" hits="4"/><line number="262" hits="527"/><line number="263" hits="2073"/><line number="264" hits="984"/><line number="265" hits="0"/><line number="267" hits="984"/><line number="268" hits="0"/><line number="270" hits="492"/></lines></class><class name="token" filename="src/token.rs" line-rate="0.8888888888888888" branch-rate="0" complexity="0"><methods/><lines><line number="46" hits="74"/><line number="47" hits="74"/><line number="48" hits="58"/><line number="49" hits="16"/><line number="50" hits="0"/><line number="60" hits="74"/><line number="64" hits="74"/><line number="65" hits="58"/><line number="66" hits="16"/><line number="67" hits="0"/><line number="73" hits="1342"/><line number="74" hits="1342"/><line number="79" hits="16"/><line number="80" hits="16"/><line number="85" hits="4"/><line number="86" hits="4"/><line number="91" hits="13"/><line number="92" hits="13"/></lines></class></classes></package><package name="fuzz/hfuzz_target/x86_64-unknown-linux-gnu/debug/build/serde_core-8f7a6b19adba0907/out" line-rate="0" branch-rate="0" complexity="0"><classes></classes></package><package name="src/molecular_formula/diatomic" line-rate="1" branch-rate="0" complexity="0"><classes><class name="homodiatomic" filename="src/molecular_formula/diatomic/homodiatomic.rs" line-rate="1" branch-rate="0" complexity="0"><methods/><lines><line number="28" hits="2"/><line number="29" hits="6"/></lines></class></classes></package></packages></coverage>