<?xml version="1.0"?><coverage lines-covered="619" lines-valid="937" line-rate="0.6606189967982924" branches-covered="0" branches-valid="0" branch-rate="0" complexity="0" version="1.9" timestamp="1768822317"><sources><source>/home/lucac/github/molecular-formulas</source></sources><packages><package name="src/parser" line-rate="0.796875" branch-rate="0" complexity="0"><classes><class name="token_iter" filename="src/parser/token_iter.rs" line-rate="0.796875" branch-rate="0" complexity="0"><methods/><lines><line number="20" hits="435"/><line number="21" hits="1305"/><line number="29" hits="0"/><line number="30" hits="0"/><line number="34" hits="1220"/><line number="35" hits="1183"/><line number="36" hits="1220"/><line number="45" hits="551"/><line number="46" hits="1102"/><line number="49" hits="1166"/><line number="50" hits="1166"/><line number="51" hits="1166"/><line number="70" hits="23"/><line number="71" hits="23"/><line number="72" hits="3"/><line number="73" hits="13"/><line number="74" hits="2"/><line number="75" hits="1"/><line number="76" hits="0"/><line number="77" hits="1"/><line number="78" hits="1"/><line number="79" hits="0"/><line number="80" hits="0"/><line number="81" hits="2"/><line number="91" hits="767"/><line number="92" hits="4602"/><line number="100" hits="0"/><line number="101" hits="0"/><line number="102" hits="0"/><line number="103" hits="0"/><line number="104" hits="0"/><line number="105" hits="0"/><line number="106" hits="0"/><line number="107" hits="0"/><line number="108" hits="0"/><line number="109" hits="0"/><line number="110" hits="0"/><line number="111" hits="0"/><line number="112" hits="0"/><line number="116" hits="1888"/><line number="117" hits="3748"/><line number="120" hits="2076"/><line number="121" hits="2076"/><line number="124" hits="2005"/><line number="125" hits="2005"/><line number="128" hits="2017"/><line number="129" hits="8030"/><line number="132" hits="1876"/><line number="133" hits="5602"/><line number="136" hits="1887"/><line number="137" hits="7526"/><line number="140" hits="59"/><line number="141" hits="172"/><line number="144" hits="7"/><line number="145" hits="22"/><line number="148" hits="1962"/><line number="149" hits="7765"/><line number="156" hits="680"/><line number="162" hits="2720"/><line number="163" hits="680"/><line number="164" hits="680"/><line number="165" hits="1339"/><line number="166" hits="549"/><line number="167" hits="220"/><line number="168" hits="660"/><line number="169" hits="220"/><line number="170" hits="220"/><line number="171" hits="220"/><line number="172" hits="220"/><line number="174" hits="439"/><line number="177" hits="680"/><line number="180" hits="59"/><line number="185" hits="87"/><line number="186" hits="28"/><line number="187" hits="36"/><line number="188" hits="90"/><line number="190" hits="10"/><line number="193" hits="31"/><line number="199" hits="13"/><line number="200" hits="63"/><line number="205" hits="14"/><line number="209" hits="80"/><line number="214" hits="1171"/><line number="215" hits="5855"/><line number="217" hits="2235"/><line number="218" hits="2128"/><line number="219" hits="460"/><line number="221" hits="452"/><line number="222" hits="678"/><line number="224" hits="226"/><line number="229" hits="979"/><line number="230" hits="34"/><line number="231" hits="911"/><line number="232" hits="13"/><line number="234" hits="2694"/><line number="235" hits="898"/><line number="244" hits="7"/><line number="245" hits="12"/><line number="246" hits="10"/><line number="247" hits="10"/><line number="250" hits="20"/><line number="251" hits="15"/><line number="253" hits="10"/><line number="254" hits="5"/><line number="257" hits="0"/><line number="260" hits="2"/><line number="265" hits="32"/><line number="266" hits="62"/><line number="267" hits="60"/><line number="269" hits="2"/><line number="270" hits="1"/><line number="272" hits="31"/><line number="276" hits="0"/><line number="277" hits="0"/><line number="281" hits="0"/><line number="282" hits="0"/><line number="286" hits="2060"/><line number="287" hits="1166"/><line number="288" hits="55"/><line number="289" hits="55"/><line number="290" hits="9"/><line number="291" hits="9"/><line number="292" hits="3928"/><line number="295" hits="64"/><line number="296" hits="1"/><line number="297" hits="1"/><line number="301" hits="31"/><line number="303" hits="3826"/><line number="309" hits="52"/><line number="310" hits="26"/><line number="312" hits="8"/><line number="315" hits="9"/><line number="318" hits="3892"/><line number="321" hits="236"/><line number="323" hits="118"/><line number="324" hits="87"/><line number="325" hits="28"/><line number="327" hits="0"/><line number="328" hits="0"/><line number="331" hits="59"/><line number="332" hits="136"/><line number="333" hits="118"/><line number="334" hits="11"/><line number="336" hits="48"/><line number="338" hits="118"/><line number="339" hits="11"/><line number="341" hits="48"/><line number="345" hits="18"/><line number="348" hits="295"/><line number="350" hits="59"/><line number="351" hits="0"/><line number="354" hits="59"/><line number="356" hits="4952"/><line number="357" hits="648"/><line number="358" hits="3240"/><line number="360" hits="648"/><line number="361" hits="0"/><line number="364" hits="648"/><line number="366" hits="2388"/><line number="367" hits="56"/><line number="368" hits="14"/><line number="369" hits="14"/><line number="370" hits="14"/><line number="374" hits="7"/><line number="375" hits="70"/><line number="376" hits="14"/><line number="378" hits="0"/><line number="381" hits="7"/><line number="382" hits="0"/><line number="384" hits="21"/><line number="385" hits="17"/><line number="386" hits="3"/><line number="389" hits="7"/><line number="394" hits="12"/><line number="395" hits="15"/><line number="397" hits="5"/><line number="400" hits="2"/><line number="402" hits="2332"/><line number="403" hits="0"/><line number="404" hits="0"/><line number="405" hits="0"/><line number="406" hits="0"/><line number="409" hits="0"/><line number="410" hits="0"/><line number="414" hits="0"/><line number="416" hits="10494"/><line number="417" hits="0"/><line number="418" hits="0"/><line number="430" hits="2894"/><line number="431" hits="2894"/><line number="432" hits="0"/><line number="435" hits="14862"/></lines></class></classes></package><package name="fuzz/fuzz_targets" line-rate="0" branch-rate="0" complexity="0"><classes></classes></package><package name="src/token" line-rate="0.1951219512195122" branch-rate="0" complexity="0"><classes><class name="greek_letters" filename="src/token/greek_letters.rs" line-rate="0.1951219512195122" branch-rate="0" complexity="0"><methods/><lines><line number="36" hits="1900"/><line number="37" hits="1887"/><line number="38" hits="1900"/><line number="53" hits="0"/><line number="54" hits="0"/><line number="55" hits="0"/><line number="56" hits="0"/><line number="57" hits="0"/><line number="58" hits="0"/><line number="59" hits="0"/><line number="60" hits="0"/><line number="61" hits="0"/><line number="62" hits="0"/><line number="63" hits="0"/><line number="69" hits="0"/><line number="70" hits="0"/><line number="75" hits="0"/><line number="76" hits="0"/><line number="83" hits="0"/><line number="84" hits="0"/><line number="85" hits="0"/><line number="86" hits="0"/><line number="87" hits="0"/><line number="88" hits="0"/><line number="91" hits="0"/><line number="98" hits="0"/><line number="99" hits="0"/><line number="106" hits="0"/><line number="107" hits="0"/><line number="114" hits="13"/><line number="115" hits="13"/><line number="116" hits="3"/><line number="117" hits="8"/><line number="118" hits="0"/><line number="119" hits="2"/><line number="120" hits="0"/><line number="121" hits="0"/><line number="122" hits="0"/><line number="123" hits="0"/><line number="124" hits="0"/><line number="125" hits="0"/></lines></class></classes></package><package name="fuzz/hfuzz_target/x86_64-unknown-linux-gnu/release/build/serde_core-325e2d1ab23b6361/out" line-rate="0" branch-rate="0" complexity="0"><classes></classes></package><package name="fuzz/hfuzz_target/x86_64-unknown-linux-gnu/release/build/serde-b5d4a20c64649db4/out" line-rate="0" branch-rate="0" complexity="0"><classes></classes></package><package name="src/molecular_formula" line-rate="0.5887323943661972" branch-rate="0" complexity="0"><classes><class name="charge" filename="src/molecular_formula/charge.rs" line-rate="0.9333333333333333" branch-rate="0" complexity="0"><methods/><lines><line number="10" hits="17"/><line number="11" hits="17"/><line number="12" hits="14"/><line number="13" hits="3"/><line number="14" hits="8"/><line number="15" hits="8"/><line number="16" hits="12"/><line number="18" hits="2"/><line number="19" hits="4"/><line number="20" hits="7"/><line number="21" hits="10"/><line number="23" hits="2"/><line number="25" hits="1"/><line number="26" hits="2"/><line number="28" hits="0"/></lines></class><class name="contains_elements" filename="src/molecular_formula/contains_elements.rs" line-rate="0" branch-rate="0" complexity="0"><methods/><lines><line number="6" hits="0"/><line number="7" hits="0"/><line number="8" hits="0"/><line number="9" hits="0"/><line number="10" hits="0"/><line number="11" hits="0"/><line number="12" hits="0"/><line number="14" hits="0"/><line number="15" hits="0"/><line number="17" hits="0"/></lines></class><class name="contains_isotopes" filename="src/molecular_formula/contains_isotopes.rs" line-rate="0.8" branch-rate="0" complexity="0"><methods/><lines><line number="28" hits="13"/><line number="29" hits="13"/><line number="30" hits="2"/><line number="31" hits="3"/><line number="32" hits="0"/><line number="33" hits="4"/><line number="34" hits="8"/><line number="36" hits="4"/><line number="37" hits="8"/><line number="39" hits="0"/></lines></class><class name="contains_mixtures" filename="src/molecular_formula/contains_mixtures.rs" line-rate="0.5263157894736842" branch-rate="0" complexity="0"><methods/><lines><line number="6" hits="2"/><line number="7" hits="2"/><line number="8" hits="0"/><line number="9" hits="0"/><line number="10" hits="2"/><line number="11" hits="0"/><line number="12" hits="0"/><line number="13" hits="0"/><line number="15" hits="0"/><line number="16" hits="0"/><line number="17" hits="0"/><line number="46" hits="5"/><line number="47" hits="5"/><line number="48" hits="12"/><line number="49" hits="1"/><line number="54" hits="2"/><line number="55" hits="2"/><line number="56" hits="6"/><line number="57" hits="0"/></lines></class><class name="contains_residual" filename="src/molecular_formula/contains_residual.rs" line-rate="0.8" branch-rate="0" complexity="0"><methods/><lines><line number="6" hits="265"/><line number="7" hits="265"/><line number="8" hits="118"/><line number="9" hits="0"/><line number="10" hits="48"/><line number="11" hits="96"/><line number="13" hits="88"/><line number="14" hits="176"/><line number="16" hits="11"/><line number="17" hits="0"/></lines></class><class name="countable" filename="src/molecular_formula/countable.rs" line-rate="0" branch-rate="0" complexity="0"><methods/><lines><line number="11" hits="0"/><line number="12" hits="0"/><line number="21" hits="0"/><line number="22" hits="0"/></lines></class><class name="diatomic" filename="src/molecular_formula/diatomic.rs" line-rate="0.19148936170212766" branch-rate="0" complexity="0"><methods/><lines><line number="33" hits="13"/><line number="34" hits="13"/><line number="35" hits="6"/><line number="36" hits="0"/><line number="37" hits="25"/><line number="38" hits="0"/><line number="39" hits="0"/><line number="41" hits="2"/><line number="42" hits="4"/><line number="43" hits="6"/><line number="44" hits="8"/><line number="46" hits="2"/><line number="48" hits="0"/><line number="50" hits="0"/><line number="62" hits="0"/><line number="63" hits="0"/><line number="66" hits="0"/><line number="67" hits="0"/><line number="96" hits="0"/><line number="97" hits="0"/><line number="98" hits="0"/><line number="99" hits="0"/><line number="128" hits="0"/><line number="129" hits="0"/><line number="130" hits="0"/><line number="132" hits="0"/><line number="134" hits="0"/><line number="136" hits="0"/><line number="138" hits="0"/><line number="139" hits="0"/><line number="140" hits="0"/><line number="141" hits="0"/><line number="146" hits="0"/><line number="147" hits="0"/><line number="186" hits="0"/><line number="187" hits="0"/><line number="198" hits="0"/><line number="220" hits="0"/><line number="221" hits="0"/><line number="222" hits="0"/><line number="224" hits="0"/><line number="226" hits="0"/><line number="228" hits="0"/><line number="230" hits="0"/><line number="231" hits="0"/><line number="232" hits="0"/><line number="233" hits="0"/></lines></class><class name="display" filename="src/molecular_formula/display.rs" line-rate="0.9032258064516129" branch-rate="0" complexity="0"><methods/><lines><line number="11" hits="165"/><line number="12" hits="165"/><line number="13" hits="67"/><line number="14" hits="134"/><line number="16" hits="4"/><line number="17" hits="8"/><line number="18" hits="16"/><line number="20" hits="48"/><line number="21" hits="4"/><line number="22" hits="4"/><line number="23" hits="4"/><line number="25" hits="12"/><line number="28" hits="84"/><line number="29" hits="84"/><line number="30" hits="84"/><line number="32" hits="24"/><line number="33" hits="48"/><line number="34" hits="86"/><line number="35" hits="124"/><line number="37" hits="24"/><line number="39" hits="5"/><line number="40" hits="10"/><line number="42" hits="1"/><line number="43" hits="2"/><line number="46" hits="0"/><line number="48" hits="0"/><line number="49" hits="0"/><line number="51" hits="4"/><line number="52" hits="2"/><line number="53" hits="2"/><line number="54" hits="2"/></lines></class><class name="element_count" filename="src/molecular_formula/element_count.rs" line-rate="0.6875" branch-rate="0" complexity="0"><methods/><lines><line number="24" hits="4"/><line number="25" hits="12"/><line number="26" hits="12"/><line number="29" hits="25"/><line number="30" hits="25"/><line number="31" hits="30"/><line number="32" hits="3"/><line number="33" hits="4"/><line number="34" hits="45"/><line number="36" hits="0"/><line number="37" hits="20"/><line number="38" hits="30"/><line number="40" hits="0"/><line number="41" hits="0"/><line number="42" hits="0"/><line number="43" hits="0"/></lines></class><class name="from" filename="src/molecular_formula/from.rs" line-rate="0.8888888888888888" branch-rate="0" complexity="0"><methods/><lines><line number="10" hits="1263"/><line number="11" hits="1263"/><line number="16" hits="34"/><line number="17" hits="68"/><line number="22" hits="3391"/><line number="23" hits="3391"/><line number="28" hits="4"/><line number="29" hits="8"/><line number="34" hits="1"/><line number="35" hits="1"/><line number="40" hits="0"/><line number="41" hits="0"/><line number="46" hits="50"/><line number="47" hits="50"/><line number="52" hits="3"/><line number="53" hits="3"/><line number="58" hits="1"/><line number="59" hits="3"/></lines></class><class name="from_str" filename="src/molecular_formula/from_str.rs" line-rate="1" branch-rate="0" complexity="0"><methods/><lines><line number="11" hits="435"/><line number="12" hits="1305"/></lines></class><class name="homonuclear" filename="src/molecular_formula/homonuclear.rs" line-rate="0.53125" branch-rate="0" complexity="0"><methods/><lines><line number="8" hits="17"/><line number="12" hits="17"/><line number="13" hits="8"/><line number="14" hits="30"/><line number="16" hits="0"/><line number="17" hits="0"/><line number="20" hits="0"/><line number="22" hits="0"/><line number="23" hits="24"/><line number="24" hits="0"/><line number="25" hits="0"/><line number="28" hits="0"/><line number="32" hits="3"/><line number="33" hits="6"/><line number="34" hits="9"/><line number="35" hits="12"/><line number="36" hits="0"/><line number="39" hits="30"/><line number="40" hits="15"/><line number="41" hits="3"/><line number="43" hits="6"/><line number="45" hits="6"/><line number="74" hits="5"/><line number="75" hits="5"/><line number="83" hits="15"/><line number="84" hits="0"/><line number="85" hits="0"/><line number="86" hits="0"/><line number="87" hits="0"/><line number="89" hits="0"/><line number="92" hits="0"/><line number="95" hits="0"/></lines></class><class name="isotopologue_mass" filename="src/molecular_formula/isotopologue_mass.rs" line-rate="0.6774193548387096" branch-rate="0" complexity="0"><methods/><lines><line number="15" hits="46"/><line number="16" hits="46"/><line number="17" hits="44"/><line number="18" hits="0"/><line number="19" hits="3"/><line number="20" hits="12"/><line number="21" hits="6"/><line number="22" hits="3"/><line number="25" hits="24"/><line number="26" hits="48"/><line number="27" hits="24"/><line number="30" hits="9"/><line number="31" hits="27"/><line number="33" hits="0"/><line number="34" hits="0"/><line number="36" hits="0"/><line number="37" hits="0"/><line number="47" hits="34"/><line number="48" hits="34"/><line number="49" hits="34"/><line number="50" hits="0"/><line number="51" hits="3"/><line number="52" hits="18"/><line number="53" hits="36"/><line number="54" hits="18"/><line number="57" hits="7"/><line number="58" hits="21"/><line number="60" hits="0"/><line number="61" hits="0"/><line number="63" hits="0"/><line number="64" hits="0"/></lines></class><class name="isotopologue_mass_over_charge" filename="src/molecular_formula/isotopologue_mass_over_charge.rs" line-rate="1" branch-rate="0" complexity="0"><methods/><lines><line number="12" hits="2"/><line number="13" hits="10"/></lines></class><class name="molar_mass" filename="src/molecular_formula/molar_mass.rs" line-rate="0.5333333333333333" branch-rate="0" complexity="0"><methods/><lines><line number="14" hits="86"/><line number="15" hits="86"/><line number="16" hits="66"/><line number="17" hits="0"/><line number="18" hits="0"/><line number="19" hits="0"/><line number="20" hits="0"/><line number="23" hits="56"/><line number="24" hits="168"/><line number="26" hits="15"/><line number="27" hits="45"/><line number="29" hits="0"/><line number="30" hits="0"/><line number="32" hits="0"/><line number="33" hits="10"/></lines></class><class name="noble_gasses" filename="src/molecular_formula/noble_gasses.rs" line-rate="0" branch-rate="0" complexity="0"><methods/><lines><line number="12" hits="0"/><line number="13" hits="0"/><line number="14" hits="0"/><line number="15" hits="0"/><line number="16" hits="0"/><line number="17" hits="0"/><line number="18" hits="0"/><line number="19" hits="0"/><line number="20" hits="0"/><line number="23" hits="0"/><line number="25" hits="0"/><line number="26" hits="0"/><line number="27" hits="0"/><line number="28" hits="0"/><line number="30" hits="0"/><line number="31" hits="0"/><line number="34" hits="0"/></lines></class><class name="oxidation_states" filename="src/molecular_formula/oxidation_states.rs" line-rate="0.8679245283018868" branch-rate="0" complexity="0"><methods/><lines><line number="15" hits="3539"/><line number="16" hits="3539"/><line number="17" hits="456"/><line number="18" hits="10056"/><line number="19" hits="2"/><line number="20" hits="4"/><line number="22" hits="0"/><line number="23" hits="38"/><line number="24" hits="19"/><line number="25" hits="19"/><line number="26" hits="19"/><line number="27" hits="57"/><line number="29" hits="38"/><line number="31" hits="0"/><line number="32" hits="14"/><line number="33" hits="42"/><line number="34" hits="36"/><line number="35" hits="66"/><line number="37" hits="84"/><line number="38" hits="57"/><line number="39" hits="95"/><line number="40" hits="57"/><line number="41" hits="95"/><line number="42" hits="57"/><line number="43" hits="19"/><line number="45" hits="19"/><line number="46" hits="19"/><line number="49" hits="13"/><line number="50" hits="44"/><line number="51" hits="30"/><line number="52" hits="30"/><line number="56" hits="14"/><line number="58" hits="0"/><line number="59" hits="0"/><line number="72" hits="170"/><line number="76" hits="170"/><line number="77" hits="228"/><line number="78" hits="1"/><line number="79" hits="2"/><line number="81" hits="14"/><line number="82" hits="42"/><line number="84" hits="28"/><line number="85" hits="84"/><line number="86" hits="25"/><line number="88" hits="12"/><line number="91" hits="0"/><line number="92" hits="0"/><line number="93" hits="51"/><line number="95" hits="157"/><line number="96" hits="220"/><line number="98" hits="48"/><line number="100" hits="12"/><line number="104" hits="0"/></lines></class><class name="serde" filename="src/molecular_formula/serde.rs" line-rate="0" branch-rate="0" complexity="0"><methods/><lines><line number="11" hits="0"/><line number="15" hits="0"/><line number="20" hits="0"/><line number="24" hits="0"/><line number="25" hits="0"/></lines></class><class name="try_from" filename="src/molecular_formula/try_from.rs" line-rate="0.4375" branch-rate="0" complexity="0"><methods/><lines><line number="9" hits="32"/><line number="10" hits="64"/><line number="18" hits="0"/><line number="19" hits="0"/><line number="27" hits="0"/><line number="28" hits="0"/><line number="43" hits="0"/><line number="44" hits="0"/><line number="57" hits="0"/><line number="60" hits="0"/><line number="65" hits="1171"/><line number="66" hits="1171"/><line number="67" hits="3357"/><line number="68" hits="117"/><line number="69" hits="0"/><line number="70" hits="13"/></lines></class></classes></package><package name="fuzz/hfuzz_target/x86_64-unknown-linux-gnu/debug/build/serde_core-8f7a6b19adba0907/out" line-rate="0" branch-rate="0" complexity="0"><classes></classes></package><package name="fuzz/hfuzz_target/x86_64-unknown-linux-gnu/debug/build/serde-90d6b68a0b8e6fe9/out" line-rate="0" branch-rate="0" complexity="0"><classes></classes></package><package name="benches" line-rate="1" branch-rate="0" complexity="0"><classes><class name="bench_oxidation_states" filename="benches/bench_oxidation_states.rs" line-rate="1" branch-rate="0" complexity="0"><methods/><lines><line number="10" hits="1"/><line number="11" hits="3"/><line number="12" hits="2"/><line number="14" hits="4"/><line number="16" hits="3"/><line number="17" hits="4"/><line number="20" hits="3"/><line number="21" hits="5"/><line number="24" hits="3"/><line number="25" hits="5"/><line number="27" hits="3"/><line number="28" hits="5"/><line number="30" hits="3"/><line number="31" hits="5"/><line number="33" hits="3"/><line number="34" hits="5"/><line number="36" hits="3"/><line number="37" hits="5"/><line number="39" hits="3"/><line number="40" hits="5"/><line number="42" hits="3"/><line number="43" hits="5"/><line number="45" hits="3"/><line number="46" hits="5"/><line number="49" hits="2"/><line number="53" hits="1"/><line number="54" hits="3"/><line number="55" hits="2"/><line number="57" hits="3"/><line number="58" hits="4"/><line number="61" hits="2"/><line number="65" hits="1"/><line number="66" hits="2"/><line number="67" hits="2"/><line number="68" hits="2"/><line number="69" hits="2"/><line number="73" hits="1"/><line number="74" hits="1"/><line number="75" hits="2"/></lines></class></classes></package><package name="src/molecular_formula/diatomic" line-rate="1" branch-rate="0" complexity="0"><classes><class name="homodiatomic" filename="src/molecular_formula/diatomic/homodiatomic.rs" line-rate="1" branch-rate="0" complexity="0"><methods/><lines><line number="28" hits="2"/><line number="29" hits="6"/></lines></class></classes></package><package name="tests" line-rate="0" branch-rate="0" complexity="0"><classes></classes></package><package name="fuzz/hfuzz_target/x86_64-unknown-linux-gnu/debug/build/thiserror-993a95763de78911/out" line-rate="0" branch-rate="0" complexity="0"><classes></classes></package><package name="fuzz/hfuzz_target/x86_64-unknown-linux-gnu/release/build/thiserror-b4e83634872c4462/out" line-rate="0" branch-rate="0" complexity="0"><classes></classes></package><package name="src" line-rate="0.6458797327394209" branch-rate="0" complexity="0"><classes><class name="errors" filename="src/errors.rs" line-rate="0" branch-rate="0" complexity="0"><methods/><lines><line number="61" hits="0"/><line number="62" hits="0"/><line number="67" hits="0"/><line number="68" hits="0"/><line number="69" hits="0"/><line number="70" hits="0"/><line number="71" hits="0"/><line number="72" hits="0"/><line number="74" hits="0"/><line number="75" hits="0"/><line number="77" hits="0"/><line number="78" hits="0"/><line number="79" hits="0"/><line number="80" hits="0"/><line number="81" hits="0"/><line number="83" hits="0"/><line number="84" hits="0"/><line number="85" hits="0"/><line number="87" hits="0"/><line number="88" hits="0"/><line number="89" hits="0"/><line number="90" hits="0"/><line number="92" hits="0"/><line number="95" hits="0"/><line number="98" hits="0"/><line number="101" hits="0"/><line number="103" hits="0"/><line number="104" hits="0"/><line number="106" hits="0"/><line number="107" hits="0"/><line number="114" hits="0"/><line number="115" hits="0"/><line number="120" hits="0"/><line number="121" hits="0"/></lines></class><class name="index" filename="src/index.rs" line-rate="1" branch-rate="0" complexity="0"><methods/><lines><line number="26" hits="4"/><line number="27" hits="8"/><line number="29" hits="31"/><line number="49" hits="3"/><line number="50" hits="9"/><line number="51" hits="5"/><line number="52" hits="10"/><line number="74" hits="2"/><line number="75" hits="22"/><line number="76" hits="2"/><line number="77" hits="4"/><line number="99" hits="2"/><line number="100" hits="4"/><line number="101" hits="10"/><line number="103" hits="8"/></lines></class><class name="ion" filename="src/ion.rs" line-rate="0.8076923076923077" branch-rate="0" complexity="0"><methods/><lines><line number="35" hits="9"/><line number="39" hits="9"/><line number="40" hits="0"/><line number="42" hits="18"/><line number="43" hits="0"/><line number="45" hits="18"/><line number="61" hits="64"/><line number="65" hits="64"/><line number="66" hits="0"/><line number="68" hits="192"/><line number="69" hits="12"/><line number="72" hits="52"/><line number="77" hits="0"/><line number="78" hits="0"/><line number="83" hits="9"/><line number="84" hits="18"/><line number="89" hits="52"/><line number="90" hits="104"/><line number="101" hits="16"/><line number="102" hits="16"/><line number="103" hits="4"/><line number="104" hits="14"/><line number="105" hits="8"/><line number="106" hits="10"/><line number="107" hits="6"/><line number="109" hits="24"/></lines></class><class name="is_hill_sorted" filename="src/is_hill_sorted.rs" line-rate="0.9655172413793104" branch-rate="0" complexity="0"><methods/><lines><line number="78" hits="25"/><line number="79" hits="50"/><line number="80" hits="1"/><line number="82" hits="48"/><line number="83" hits="1"/><line number="85" hits="23"/><line number="86" hits="5"/><line number="87" hits="10"/><line number="88" hits="15"/><line number="89" hits="20"/><line number="91" hits="5"/><line number="94" hits="36"/><line number="95" hits="36"/><line number="96" hits="83"/><line number="97" hits="47"/><line number="98" hits="10"/><line number="99" hits="20"/><line number="101" hits="0"/><line number="105" hits="47"/><line number="106" hits="13"/><line number="107" hits="10"/><line number="109" hits="1"/><line number="113" hits="74"/><line number="114" hits="84"/><line number="115" hits="84"/><line number="116" hits="28"/><line number="117" hits="5"/><line number="121" hits="41"/><line number="123" hits="12"/></lines></class><class name="iter_elements" filename="src/iter_elements.rs" line-rate="0.7209302325581395" branch-rate="0" complexity="0"><methods/><lines><line number="10" hits="257"/><line number="11" hits="257"/><line number="12" hits="402"/><line number="13" hits="0"/><line number="14" hits="40"/><line number="16" hits="404"/><line number="19" hits="0"/><line number="20" hits="83"/><line number="21" hits="0"/><line number="22" hits="0"/><line number="23" hits="166"/><line number="26" hits="0"/><line number="33" hits="30"/><line number="34" hits="30"/><line number="35" hits="54"/><line number="36" hits="0"/><line number="37" hits="6"/><line number="39" hits="6"/><line number="40" hits="6"/><line number="41" hits="30"/><line number="42" hits="6"/><line number="43" hits="6"/><line number="46" hits="0"/><line number="47" hits="12"/><line number="48" hits="18"/><line number="49" hits="18"/><line number="50" hits="60"/><line number="52" hits="6"/><line number="54" hits="0"/><line number="55" hits="0"/><line number="56" hits="0"/><line number="59" hits="0"/><line number="69" hits="34"/><line number="70" hits="34"/><line number="71" hits="5"/><line number="72" hits="15"/><line number="73" hits="20"/><line number="74" hits="0"/><line number="79" hits="58"/><line number="80" hits="133"/><line number="81" hits="150"/><line number="82" hits="1"/><line number="87" hits="33"/></lines></class><class name="molecular_formula" filename="src/molecular_formula.rs" line-rate="0.7222222222222222" branch-rate="0" complexity="0"><methods/><lines><line number="69" hits="719"/><line number="70" hits="719"/><line number="71" hits="265"/><line number="72" hits="795"/><line number="73" hits="265"/><line number="75" hits="908"/><line number="79" hits="1043"/><line number="83" hits="1043"/><line number="84" hits="404"/><line number="86" hits="1616"/><line number="87" hits="1616"/><line number="88" hits="1212"/><line number="89" hits="404"/><line number="91" hits="0"/><line number="92" hits="0"/><line number="94" hits="0"/><line number="95" hits="0"/><line number="96" hits="0"/><line number="97" hits="0"/><line number="98" hits="0"/><line number="105" hits="1278"/><line number="106" hits="0"/><line number="110" hits="11"/><line number="114" hits="11"/><line number="115" hits="1"/><line number="116" hits="3"/><line number="117" hits="4"/><line number="118" hits="0"/><line number="119" hits="0"/><line number="121" hits="4"/><line number="122" hits="12"/><line number="123" hits="16"/><line number="124" hits="6"/><line number="125" hits="3"/><line number="133" hits="8"/><line number="134" hits="2"/></lines></class><class name="parser" filename="src/parser.rs" line-rate="0.6756756756756757" branch-rate="0" complexity="0"><methods/><lines><line number="16" hits="435"/><line number="17" hits="1740"/><line number="23" hits="0"/><line number="24" hits="0"/><line number="30" hits="0"/><line number="31" hits="0"/><line number="37" hits="1984"/><line number="42" hits="5921"/><line number="43" hits="1171"/><line number="44" hits="1171"/><line number="45" hits="3375"/><line number="46" hits="992"/><line number="49" hits="3"/><line number="50" hits="10"/><line number="51" hits="2"/><line number="52" hits="0"/><line number="53" hits="0"/><line number="54" hits="0"/><line number="57" hits="1"/><line number="58" hits="1"/><line number="59" hits="3"/><line number="60" hits="1"/><line number="62" hits="0"/><line number="65" hits="1"/><line number="66" hits="1"/><line number="68" hits="9"/><line number="69" hits="34"/><line number="70" hits="14"/><line number="71" hits="0"/><line number="72" hits="0"/><line number="73" hits="0"/><line number="76" hits="7"/><line number="77" hits="1"/><line number="78" hits="1"/><line number="79" hits="2"/><line number="80" hits="2"/><line number="82" hits="1"/><line number="83" hits="1"/><line number="86" hits="20"/><line number="89" hits="1278"/><line number="90" hits="1917"/><line number="92" hits="0"/><line number="93" hits="9"/><line number="95" hits="114"/><line number="96" hits="228"/><line number="98" hits="31"/><line number="99" hits="84"/><line number="100" hits="124"/><line number="101" hits="56"/><line number="102" hits="0"/><line number="103" hits="1"/><line number="104" hits="3"/><line number="105" hits="1"/><line number="108" hits="4"/><line number="110" hits="56"/><line number="111" hits="0"/><line number="112" hits="0"/><line number="113" hits="0"/><line number="117" hits="28"/><line number="119" hits="56"/><line number="121" hits="0"/><line number="122" hits="0"/><line number="123" hits="0"/><line number="124" hits="0"/><line number="125" hits="0"/><line number="127" hits="0"/><line number="128" hits="0"/><line number="129" hits="0"/><line number="131" hits="10"/><line number="132" hits="15"/><line number="133" hits="5"/><line number="135" hits="88"/><line number="136" hits="1"/><line number="137" hits="2"/><line number="141" hits="64"/><line number="142" hits="256"/><line number="143" hits="192"/><line number="144" hits="64"/><line number="145" hits="0"/><line number="146" hits="0"/><line number="147" hits="0"/><line number="150" hits="256"/><line number="152" hits="64"/><line number="153" hits="20"/><line number="154" hits="132"/><line number="157" hits="0"/><line number="158" hits="0"/><line number="159" hits="0"/><line number="160" hits="0"/><line number="161" hits="0"/><line number="162" hits="0"/><line number="169" hits="1953"/><line number="172" hits="542"/><line number="173" hits="1084"/><line number="174" hits="9548"/><line number="175" hits="4032"/><line number="176" hits="128"/><line number="177" hits="64"/><line number="179" hits="0"/><line number="183" hits="9920"/><line number="184" hits="3908"/><line number="187" hits="870"/><line number="188" hits="434"/><line number="190" hits="2"/><line number="194" hits="435"/><line number="195" hits="1703"/><line number="196" hits="796"/><line number="197" hits="0"/><line number="199" hits="796"/><line number="200" hits="0"/><line number="202" hits="398"/></lines></class><class name="token" filename="src/token.rs" line-rate="0.875" branch-rate="0" complexity="0"><methods/><lines><line number="42" hits="64"/><line number="43" hits="64"/><line number="44" hits="55"/><line number="45" hits="9"/><line number="46" hits="0"/><line number="56" hits="64"/><line number="60" hits="64"/><line number="61" hits="55"/><line number="62" hits="9"/><line number="63" hits="0"/><line number="69" hits="1124"/><line number="70" hits="1124"/><line number="75" hits="34"/><line number="76" hits="34"/><line number="81" hits="4"/><line number="82" hits="4"/></lines></class></classes></package></packages></coverage>